Arguments: 
  C:\Program Files\nodejs\node.exe C:\Users\afridi\AppData\Roaming\npm\node_modules\yarn\bin\yarn.js add nodemon express cors

PATH: 
  C:\Program Files (x86)\Rockwell Software\RSCommon;C:\Program Files (x86)\VMware\VMware Player\bin\;C:\Python39\Scripts\;C:\Python39\;C:\WINDOWS\system32;C:\WINDOWS;C:\WINDOWS\System32\Wbem;C:\WINDOWS\System32\WindowsPowerShell\v1.0\;C:\WINDOWS\System32\OpenSSH\;C:\Program Files\nodejs\;C:\ProgramData\chocolatey\bin;C:\Program Files\Git\cmd;C:\Users\afridi\AppData\Local\Programs\Python\Python38\Scripts\;C:\Users\afridi\AppData\Local\Programs\Python\Python38\;C:\Users\afridi\AppData\Local\Microsoft\WindowsApps;C:\Users\afridi\AppData\Local\Programs\Microsoft VS Code\bin;C:\Program Files\JetBrains\PyCharm 2020.2.4\bin;C:\Users\afridi\AppData\Roaming\npm;C:\Program Files\heroku\bin

Yarn version: 
  1.22.10

Node version: 
  15.12.0

Platform: 
  win32 x64

Trace: 
  Error: https://registry.npmjs.org/nodemon%20express%20cors: Not found
      at Request.params.callback [as _callback] (C:\Users\afridi\AppData\Roaming\npm\node_modules\yarn\lib\cli.js:66988:18)
      at Request.self.callback (C:\Users\afridi\AppData\Roaming\npm\node_modules\yarn\lib\cli.js:140662:22)
      at Request.emit (node:events:369:20)
      at Request.<anonymous> (C:\Users\afridi\AppData\Roaming\npm\node_modules\yarn\lib\cli.js:141634:10)
      at Request.emit (node:events:369:20)
      at IncomingMessage.<anonymous> (C:\Users\afridi\AppData\Roaming\npm\node_modules\yarn\lib\cli.js:141556:12)
      at Object.onceWrapper (node:events:475:28)
      at IncomingMessage.emit (node:events:381:22)
      at endReadableNT (node:internal/streams/readable:1307:12)
      at processTicksAndRejections (node:internal/process/task_queues:81:21)

npm manifest: 
  {
    "name": "venue-system-server",
    "version": "1.0.0",
    "description": "",
    "main": "index.js",
    "scripts": {
      "test": "echo \"Error: no test specified\" && exit 1"
    },
    "keywords": [],
    "author": "",
    "license": "ISC",
    "dependencies": {
      "express": "^4.17.1"
    }
  }

yarn manifest: 
  No manifest

Lockfile: 
  No lockfile
